c:\users\shubham sachdeva\desktop\dx11starter\x64\debug\vc142.pdb
c:\users\shubham sachdeva\desktop\dx11starter\x64\debug\vc142.idb
c:\users\shubham sachdeva\desktop\dx11starter\x64\debug\simpleshader.obj
c:\users\shubham sachdeva\desktop\dx11starter\x64\debug\mesh.obj
c:\users\shubham sachdeva\desktop\dx11starter\x64\debug\material.obj
c:\users\shubham sachdeva\desktop\dx11starter\x64\debug\main.obj
c:\users\shubham sachdeva\desktop\dx11starter\x64\debug\lights.obj
c:\users\shubham sachdeva\desktop\dx11starter\x64\debug\game.obj
c:\users\shubham sachdeva\desktop\dx11starter\x64\debug\entity.obj
c:\users\shubham sachdeva\desktop\dx11starter\x64\debug\dxcore.obj
c:\users\shubham sachdeva\desktop\dx11starter\x64\debug\camera.obj
c:\users\shubham sachdeva\desktop\dx11starter\x64\debug\textures.obj
c:\users\shubham sachdeva\desktop\dx11starter\x64\debug\skybox.obj
c:\users\shubham sachdeva\desktop\dx11starter\x64\debug\vertexshader.cso
c:\users\shubham sachdeva\desktop\dx11starter\x64\debug\pixelshader.cso
c:\users\shubham sachdeva\desktop\dx11starter\x64\debug\skyboxps.cso
c:\users\shubham sachdeva\desktop\dx11starter\x64\debug\skyboxvs.cso
c:\users\shubham sachdeva\desktop\dx11starter\x64\debug\dx11starter.exe
c:\users\shubham sachdeva\desktop\dx11starter\x64\debug\dx11starter.ilk
c:\users\shubham sachdeva\desktop\dx11starter\x64\debug\dx11starter.pdb
c:\users\shubham sachdeva\desktop\dx11starter\x64\debug\dx11starter.tlog\cl.command.1.tlog
c:\users\shubham sachdeva\desktop\dx11starter\x64\debug\dx11starter.tlog\cl.read.1.tlog
c:\users\shubham sachdeva\desktop\dx11starter\x64\debug\dx11starter.tlog\cl.write.1.tlog
c:\users\shubham sachdeva\desktop\dx11starter\x64\debug\dx11starter.tlog\fxc.command.1.tlog
c:\users\shubham sachdeva\desktop\dx11starter\x64\debug\dx11starter.tlog\fxc.read.1.tlog
c:\users\shubham sachdeva\desktop\dx11starter\x64\debug\dx11starter.tlog\fxc.write.1.tlog
c:\users\shubham sachdeva\desktop\dx11starter\x64\debug\dx11starter.tlog\link.command.1.tlog
c:\users\shubham sachdeva\desktop\dx11starter\x64\debug\dx11starter.tlog\link.read.1.tlog
c:\users\shubham sachdeva\desktop\dx11starter\x64\debug\dx11starter.tlog\link.write.1.tlog
